<?xml version="1.0" encoding="UTF-8"?>
<testsuite name="Academy Choucair" tests="1" skipped="0" failures="0" errors="0" timestamp="2022-02-21T22:50:41" hostname="DESKTOP-N19QEIQ" time="49.713">
  <properties/>
  <testcase name="Register on the Utest site" classname="Academy Choucair" time="49.713"/>
  <system-out><![CDATA[]]></system-out>
  <system-err><![CDATA[[Test worker] WARN net.thucydides.core.steps.BaseStepListener - stepStarted: net.thucydides.core.steps.ExecutedStepDescription@5b0b1a33
[Test worker] WARN net.thucydides.core.steps.BaseStepListener - stepStarted: net.thucydides.core.steps.ExecutedStepDescription@76b09e72
[Test worker] WARN net.thucydides.core.steps.BaseStepListener - stepStarted: net.thucydides.core.steps.ExecutedStepDescription@5d3c3d7b
feb 21, 2022 5:50:42 PM org.openqa.selenium.remote.DesiredCapabilities chrome
INFORMACIÓN: Using `new ChromeOptions()` is preferred to `DesiredCapabilities.chrome()`
[Test worker] INFO net.serenitybdd.core.webdriver.driverproviders.ProvideNewDriver - Instantiating driver
[Test worker] INFO net.serenitybdd.core.webdriver.driverproviders.ProvideNewDriver - Driver capabilities: Capabilities {acceptInsecureCerts: false, browserName: chrome, chrome.switches: --start-maximized, goog:chromeOptions: {args: [--start-maximized], extensions: []}, loggingPrefs: org.openqa.selenium.logging..., platform: ANY, version: }
Starting ChromeDriver 98.0.4758.102 (273bf7ac8c909cde36982d27f66f3c70846a3718-refs/branch-heads/4758@{#1151}) on port 6588
Only local connections are allowed.
Please see https://chromedriver.chromium.org/security-considerations for suggestions on keeping ChromeDriver safe.
ChromeDriver was started successfully.
feb 21, 2022 5:50:45 PM org.openqa.selenium.remote.ProtocolHandshake createSession
INFORMACIÓN: Detected dialect: W3C
[Test worker] WARN net.thucydides.core.steps.BaseStepListener - stepFinished: current outcome:Register on the Utest site:Given Joel wants to register on the Utest site [Joel open up [Joel opens the Utest page]]
[Test worker] WARN net.thucydides.core.steps.BaseStepListener - stepFinished: current outcome:Register on the Utest site:Given Joel wants to register on the Utest site [Joel open up [Joel opens the Utest page]]
[Test worker] WARN net.thucydides.core.steps.BaseStepListener - stepStarted: net.thucydides.core.steps.ExecutedStepDescription@100faf7c
[Test worker] WARN net.thucydides.core.steps.BaseStepListener - stepStarted: net.thucydides.core.steps.ExecutedStepDescription@12a18b86
[Test worker] WARN net.thucydides.core.steps.BaseStepListener - stepFinished: current outcome:Register on the Utest site:Given Joel wants to register on the Utest site [Joel open up [Joel opens the Utest page], Joel register [Joel clicks on Button that shows us the registration]]
[Test worker] WARN net.thucydides.core.steps.BaseStepListener - stepFinished: current outcome:Register on the Utest site:Given Joel wants to register on the Utest site [Joel open up [Joel opens the Utest page], Joel register [Joel clicks on Button that shows us the registration]]
[Test worker] WARN net.thucydides.core.steps.BaseStepListener - stepFinished: current outcome:Register on the Utest site:Given Joel wants to register on the Utest site [Joel open up [Joel opens the Utest page], Joel register [Joel clicks on Button that shows us the registration]]
[Test worker] WARN net.thucydides.core.steps.BaseStepListener - stepStarted: net.thucydides.core.steps.ExecutedStepDescription@4519e906
[Test worker] WARN net.thucydides.core.steps.BaseStepListener - stepStarted: net.thucydides.core.steps.ExecutedStepDescription@4ab49e25
[Test worker] WARN net.thucydides.core.steps.BaseStepListener - stepStarted: net.thucydides.core.steps.ExecutedStepDescription@5aab874d
[Test worker] WARN net.thucydides.core.steps.BaseStepListener - stepFinished: current outcome:Register on the Utest site:Given Joel wants to register on the Utest site [Joel open up [Joel opens the Utest page], Joel register [Joel clicks on Button that shows us the registration]], When start the registration process in Utest
| strName | strLastName | strEmail | strMonth | strDay | strYear | strLanguagePage | strCity | strZip | strCountry | strComputer | strVersion | strLanguage | strMobile | strModel | strOS | strPassword |
| Joel David | Rochel Hernandez | joelrochel108@gmail.com | August | 24 | 1998 | Spanish | Cereté | 230550 | Colombia | Windows | Windows 10 | Spanish | Xiaomi | Redmi Note 8 | Android 11 | 123@PassReto | [Joel fill out the personal data [Joel enters 'Joel David' into We write the username]]
[Test worker] WARN net.thucydides.core.steps.BaseStepListener - stepStarted: net.thucydides.core.steps.ExecutedStepDescription@115b2ed2
[Test worker] WARN net.thucydides.core.steps.BaseStepListener - stepFinished: current outcome:Register on the Utest site:Given Joel wants to register on the Utest site [Joel open up [Joel opens the Utest page], Joel register [Joel clicks on Button that shows us the registration]], When start the registration process in Utest
| strName | strLastName | strEmail | strMonth | strDay | strYear | strLanguagePage | strCity | strZip | strCountry | strComputer | strVersion | strLanguage | strMobile | strModel | strOS | strPassword |
| Joel David | Rochel Hernandez | joelrochel108@gmail.com | August | 24 | 1998 | Spanish | Cereté | 230550 | Colombia | Windows | Windows 10 | Spanish | Xiaomi | Redmi Note 8 | Android 11 | 123@PassReto | [Joel fill out the personal data [Joel enters 'Joel David' into We write the username, Joel enters 'Rochel Hernandez' into We write the last name of the user]]
[Test worker] WARN net.thucydides.core.steps.BaseStepListener - stepStarted: net.thucydides.core.steps.ExecutedStepDescription@4ad4059a
[Test worker] WARN net.thucydides.core.steps.BaseStepListener - stepFinished: current outcome:Register on the Utest site:Given Joel wants to register on the Utest site [Joel open up [Joel opens the Utest page], Joel register [Joel clicks on Button that shows us the registration]], When start the registration process in Utest
| strName | strLastName | strEmail | strMonth | strDay | strYear | strLanguagePage | strCity | strZip | strCountry | strComputer | strVersion | strLanguage | strMobile | strModel | strOS | strPassword |
| Joel David | Rochel Hernandez | joelrochel108@gmail.com | August | 24 | 1998 | Spanish | Cereté | 230550 | Colombia | Windows | Windows 10 | Spanish | Xiaomi | Redmi Note 8 | Android 11 | 123@PassReto | [Joel fill out the personal data [Joel enters 'Joel David' into We write the username, Joel enters 'Rochel Hernandez' into We write the last name of the user, Joel enters 'joelrochel108@gmail.com' into We write the user email]]
[Test worker] WARN net.thucydides.core.steps.BaseStepListener - stepStarted: net.thucydides.core.steps.ExecutedStepDescription@6fe267bc
[Test worker] WARN net.thucydides.core.steps.BaseStepListener - stepFinished: current outcome:Register on the Utest site:Given Joel wants to register on the Utest site [Joel open up [Joel opens the Utest page], Joel register [Joel clicks on Button that shows us the registration]], When start the registration process in Utest
| strName | strLastName | strEmail | strMonth | strDay | strYear | strLanguagePage | strCity | strZip | strCountry | strComputer | strVersion | strLanguage | strMobile | strModel | strOS | strPassword |
| Joel David | Rochel Hernandez | joelrochel108@gmail.com | August | 24 | 1998 | Spanish | Cereté | 230550 | Colombia | Windows | Windows 10 | Spanish | Xiaomi | Redmi Note 8 | Android 11 | 123@PassReto | [Joel fill out the personal data [Joel enters 'Joel David' into We write the username, Joel enters 'Rochel Hernandez' into We write the last name of the user, Joel enters 'joelrochel108@gmail.com' into We write the user email, Joel select August on We select the month of birth]]
[Test worker] WARN net.thucydides.core.steps.BaseStepListener - stepStarted: net.thucydides.core.steps.ExecutedStepDescription@75a35e9d
[Test worker] WARN net.thucydides.core.steps.BaseStepListener - stepFinished: current outcome:Register on the Utest site:Given Joel wants to register on the Utest site [Joel open up [Joel opens the Utest page], Joel register [Joel clicks on Button that shows us the registration]], When start the registration process in Utest
| strName | strLastName | strEmail | strMonth | strDay | strYear | strLanguagePage | strCity | strZip | strCountry | strComputer | strVersion | strLanguage | strMobile | strModel | strOS | strPassword |
| Joel David | Rochel Hernandez | joelrochel108@gmail.com | August | 24 | 1998 | Spanish | Cereté | 230550 | Colombia | Windows | Windows 10 | Spanish | Xiaomi | Redmi Note 8 | Android 11 | 123@PassReto | [Joel fill out the personal data [Joel enters 'Joel David' into We write the username, Joel enters 'Rochel Hernandez' into We write the last name of the user, Joel enters 'joelrochel108@gmail.com' into We write the user email, Joel select August on We select the month of birth, Joel select 24 on We select the day of birth]]
[Test worker] WARN net.thucydides.core.steps.BaseStepListener - stepStarted: net.thucydides.core.steps.ExecutedStepDescription@27bbec55
[Test worker] WARN net.thucydides.core.steps.BaseStepListener - stepFinished: current outcome:Register on the Utest site:Given Joel wants to register on the Utest site [Joel open up [Joel opens the Utest page], Joel register [Joel clicks on Button that shows us the registration]], When start the registration process in Utest
| strName | strLastName | strEmail | strMonth | strDay | strYear | strLanguagePage | strCity | strZip | strCountry | strComputer | strVersion | strLanguage | strMobile | strModel | strOS | strPassword |
| Joel David | Rochel Hernandez | joelrochel108@gmail.com | August | 24 | 1998 | Spanish | Cereté | 230550 | Colombia | Windows | Windows 10 | Spanish | Xiaomi | Redmi Note 8 | Android 11 | 123@PassReto | [Joel fill out the personal data [Joel enters 'Joel David' into We write the username, Joel enters 'Rochel Hernandez' into We write the last name of the user, Joel enters 'joelrochel108@gmail.com' into We write the user email, Joel select August on We select the month of birth, Joel select 24 on We select the day of birth, Joel select 1998 on We select the year of birth]]
[Test worker] WARN net.thucydides.core.steps.BaseStepListener - stepStarted: net.thucydides.core.steps.ExecutedStepDescription@335b9476
[Test worker] WARN net.thucydides.core.steps.BaseStepListener - stepFinished: current outcome:Register on the Utest site:Given Joel wants to register on the Utest site [Joel open up [Joel opens the Utest page], Joel register [Joel clicks on Button that shows us the registration]], When start the registration process in Utest
| strName | strLastName | strEmail | strMonth | strDay | strYear | strLanguagePage | strCity | strZip | strCountry | strComputer | strVersion | strLanguage | strMobile | strModel | strOS | strPassword |
| Joel David | Rochel Hernandez | joelrochel108@gmail.com | August | 24 | 1998 | Spanish | Cereté | 230550 | Colombia | Windows | Windows 10 | Spanish | Xiaomi | Redmi Note 8 | Android 11 | 123@PassReto | [Joel fill out the personal data [Joel enters 'Joel David' into We write the username, Joel enters 'Rochel Hernandez' into We write the last name of the user, Joel enters 'joelrochel108@gmail.com' into We write the user email, Joel select August on We select the month of birth, Joel select 24 on We select the day of birth, Joel select 1998 on We select the year of birth, Joel enters 'Spanish' into We write the language]]
[Test worker] WARN net.thucydides.core.steps.BaseStepListener - stepStarted: net.thucydides.core.steps.ExecutedStepDescription@130775de
[Test worker] WARN net.thucydides.core.steps.BaseStepListener - stepFinished: current outcome:Register on the Utest site:Given Joel wants to register on the Utest site [Joel open up [Joel opens the Utest page], Joel register [Joel clicks on Button that shows us the registration]], When start the registration process in Utest
| strName | strLastName | strEmail | strMonth | strDay | strYear | strLanguagePage | strCity | strZip | strCountry | strComputer | strVersion | strLanguage | strMobile | strModel | strOS | strPassword |
| Joel David | Rochel Hernandez | joelrochel108@gmail.com | August | 24 | 1998 | Spanish | Cereté | 230550 | Colombia | Windows | Windows 10 | Spanish | Xiaomi | Redmi Note 8 | Android 11 | 123@PassReto | [Joel fill out the personal data [Joel enters 'Joel David' into We write the username, Joel enters 'Rochel Hernandez' into We write the last name of the user, Joel enters 'joelrochel108@gmail.com' into We write the user email, Joel select August on We select the month of birth, Joel select 24 on We select the day of birth, Joel select 1998 on We select the year of birth, Joel enters 'Spanish' into We write the language, Joel types 'ENTER' in We write the language]]
[Test worker] WARN net.thucydides.core.steps.BaseStepListener - stepStarted: net.thucydides.core.steps.ExecutedStepDescription@103c3a7a
[Test worker] WARN net.thucydides.core.steps.BaseStepListener - stepFinished: current outcome:Register on the Utest site:Given Joel wants to register on the Utest site [Joel open up [Joel opens the Utest page], Joel register [Joel clicks on Button that shows us the registration]], When start the registration process in Utest
| strName | strLastName | strEmail | strMonth | strDay | strYear | strLanguagePage | strCity | strZip | strCountry | strComputer | strVersion | strLanguage | strMobile | strModel | strOS | strPassword |
| Joel David | Rochel Hernandez | joelrochel108@gmail.com | August | 24 | 1998 | Spanish | Cereté | 230550 | Colombia | Windows | Windows 10 | Spanish | Xiaomi | Redmi Note 8 | Android 11 | 123@PassReto | [Joel fill out the personal data [Joel enters 'Joel David' into We write the username, Joel enters 'Rochel Hernandez' into We write the last name of the user, Joel enters 'joelrochel108@gmail.com' into We write the user email, Joel select August on We select the month of birth, Joel select 24 on We select the day of birth, Joel select 1998 on We select the year of birth, Joel enters 'Spanish' into We write the language, Joel types 'ENTER' in We write the language, Joel clicks on Button next:location]]
[Test worker] WARN net.thucydides.core.steps.BaseStepListener - stepFinished: current outcome:Register on the Utest site:Given Joel wants to register on the Utest site [Joel open up [Joel opens the Utest page], Joel register [Joel clicks on Button that shows us the registration]], When start the registration process in Utest
| strName | strLastName | strEmail | strMonth | strDay | strYear | strLanguagePage | strCity | strZip | strCountry | strComputer | strVersion | strLanguage | strMobile | strModel | strOS | strPassword |
| Joel David | Rochel Hernandez | joelrochel108@gmail.com | August | 24 | 1998 | Spanish | Cereté | 230550 | Colombia | Windows | Windows 10 | Spanish | Xiaomi | Redmi Note 8 | Android 11 | 123@PassReto | [Joel fill out the personal data [Joel enters 'Joel David' into We write the username, Joel enters 'Rochel Hernandez' into We write the last name of the user, Joel enters 'joelrochel108@gmail.com' into We write the user email, Joel select August on We select the month of birth, Joel select 24 on We select the day of birth, Joel select 1998 on We select the year of birth, Joel enters 'Spanish' into We write the language, Joel types 'ENTER' in We write the language, Joel clicks on Button next:location]]
[Test worker] WARN net.thucydides.core.steps.BaseStepListener - stepStarted: net.thucydides.core.steps.ExecutedStepDescription@4c16ac2
[Test worker] WARN net.thucydides.core.steps.BaseStepListener - stepStarted: net.thucydides.core.steps.ExecutedStepDescription@66358230
[Test worker] WARN net.thucydides.core.steps.BaseStepListener - stepFinished: current outcome:Register on the Utest site:Given Joel wants to register on the Utest site [Joel open up [Joel opens the Utest page], Joel register [Joel clicks on Button that shows us the registration]], When start the registration process in Utest
| strName | strLastName | strEmail | strMonth | strDay | strYear | strLanguagePage | strCity | strZip | strCountry | strComputer | strVersion | strLanguage | strMobile | strModel | strOS | strPassword |
| Joel David | Rochel Hernandez | joelrochel108@gmail.com | August | 24 | 1998 | Spanish | Cereté | 230550 | Colombia | Windows | Windows 10 | Spanish | Xiaomi | Redmi Note 8 | Android 11 | 123@PassReto | [Joel fill out the personal data [Joel enters 'Joel David' into We write the username, Joel enters 'Rochel Hernandez' into We write the last name of the user, Joel enters 'joelrochel108@gmail.com' into We write the user email, Joel select August on We select the month of birth, Joel select 24 on We select the day of birth, Joel select 1998 on We select the year of birth, Joel enters 'Spanish' into We write the language, Joel types 'ENTER' in We write the language, Joel clicks on Button next:location], Joel fill out the location data [Joel enters 'Cereté' into We write the city]]
[Test worker] WARN net.thucydides.core.steps.BaseStepListener - stepStarted: net.thucydides.core.steps.ExecutedStepDescription@d5b8614
[Test worker] WARN net.thucydides.core.steps.BaseStepListener - stepFinished: current outcome:Register on the Utest site:Given Joel wants to register on the Utest site [Joel open up [Joel opens the Utest page], Joel register [Joel clicks on Button that shows us the registration]], When start the registration process in Utest
| strName | strLastName | strEmail | strMonth | strDay | strYear | strLanguagePage | strCity | strZip | strCountry | strComputer | strVersion | strLanguage | strMobile | strModel | strOS | strPassword |
| Joel David | Rochel Hernandez | joelrochel108@gmail.com | August | 24 | 1998 | Spanish | Cereté | 230550 | Colombia | Windows | Windows 10 | Spanish | Xiaomi | Redmi Note 8 | Android 11 | 123@PassReto | [Joel fill out the personal data [Joel enters 'Joel David' into We write the username, Joel enters 'Rochel Hernandez' into We write the last name of the user, Joel enters 'joelrochel108@gmail.com' into We write the user email, Joel select August on We select the month of birth, Joel select 24 on We select the day of birth, Joel select 1998 on We select the year of birth, Joel enters 'Spanish' into We write the language, Joel types 'ENTER' in We write the language, Joel clicks on Button next:location], Joel fill out the location data [Joel enters 'Cereté' into We write the city, Joel types 'ARROW_DOWN' in We write the city]]
[Test worker] WARN net.thucydides.core.steps.BaseStepListener - stepStarted: net.thucydides.core.steps.ExecutedStepDescription@7db8e05a
[Test worker] WARN net.thucydides.core.steps.BaseStepListener - stepFinished: current outcome:Register on the Utest site:Given Joel wants to register on the Utest site [Joel open up [Joel opens the Utest page], Joel register [Joel clicks on Button that shows us the registration]], When start the registration process in Utest
| strName | strLastName | strEmail | strMonth | strDay | strYear | strLanguagePage | strCity | strZip | strCountry | strComputer | strVersion | strLanguage | strMobile | strModel | strOS | strPassword |
| Joel David | Rochel Hernandez | joelrochel108@gmail.com | August | 24 | 1998 | Spanish | Cereté | 230550 | Colombia | Windows | Windows 10 | Spanish | Xiaomi | Redmi Note 8 | Android 11 | 123@PassReto | [Joel fill out the personal data [Joel enters 'Joel David' into We write the username, Joel enters 'Rochel Hernandez' into We write the last name of the user, Joel enters 'joelrochel108@gmail.com' into We write the user email, Joel select August on We select the month of birth, Joel select 24 on We select the day of birth, Joel select 1998 on We select the year of birth, Joel enters 'Spanish' into We write the language, Joel types 'ENTER' in We write the language, Joel clicks on Button next:location], Joel fill out the location data [Joel enters 'Cereté' into We write the city, Joel types 'ARROW_DOWN' in We write the city, Joel types 'ENTER' in We write the city]]
[Test worker] WARN net.thucydides.core.steps.BaseStepListener - stepStarted: net.thucydides.core.steps.ExecutedStepDescription@1cbbe99c
[Test worker] WARN net.thucydides.core.steps.BaseStepListener - stepFinished: current outcome:Register on the Utest site:Given Joel wants to register on the Utest site [Joel open up [Joel opens the Utest page], Joel register [Joel clicks on Button that shows us the registration]], When start the registration process in Utest
| strName | strLastName | strEmail | strMonth | strDay | strYear | strLanguagePage | strCity | strZip | strCountry | strComputer | strVersion | strLanguage | strMobile | strModel | strOS | strPassword |
| Joel David | Rochel Hernandez | joelrochel108@gmail.com | August | 24 | 1998 | Spanish | Cereté | 230550 | Colombia | Windows | Windows 10 | Spanish | Xiaomi | Redmi Note 8 | Android 11 | 123@PassReto | [Joel fill out the personal data [Joel enters 'Joel David' into We write the username, Joel enters 'Rochel Hernandez' into We write the last name of the user, Joel enters 'joelrochel108@gmail.com' into We write the user email, Joel select August on We select the month of birth, Joel select 24 on We select the day of birth, Joel select 1998 on We select the year of birth, Joel enters 'Spanish' into We write the language, Joel types 'ENTER' in We write the language, Joel clicks on Button next:location], Joel fill out the location data [Joel enters 'Cereté' into We write the city, Joel types 'ARROW_DOWN' in We write the city, Joel types 'ENTER' in We write the city, Joel enters '230550' into We write the postal code]]
[Test worker] WARN net.thucydides.core.steps.BaseStepListener - stepStarted: net.thucydides.core.steps.ExecutedStepDescription@451c63c2
[Test worker] WARN net.thucydides.core.steps.BaseStepListener - stepFinished: current outcome:Register on the Utest site:Given Joel wants to register on the Utest site [Joel open up [Joel opens the Utest page], Joel register [Joel clicks on Button that shows us the registration]], When start the registration process in Utest
| strName | strLastName | strEmail | strMonth | strDay | strYear | strLanguagePage | strCity | strZip | strCountry | strComputer | strVersion | strLanguage | strMobile | strModel | strOS | strPassword |
| Joel David | Rochel Hernandez | joelrochel108@gmail.com | August | 24 | 1998 | Spanish | Cereté | 230550 | Colombia | Windows | Windows 10 | Spanish | Xiaomi | Redmi Note 8 | Android 11 | 123@PassReto | [Joel fill out the personal data [Joel enters 'Joel David' into We write the username, Joel enters 'Rochel Hernandez' into We write the last name of the user, Joel enters 'joelrochel108@gmail.com' into We write the user email, Joel select August on We select the month of birth, Joel select 24 on We select the day of birth, Joel select 1998 on We select the year of birth, Joel enters 'Spanish' into We write the language, Joel types 'ENTER' in We write the language, Joel clicks on Button next:location], Joel fill out the location data [Joel enters 'Cereté' into We write the city, Joel types 'ARROW_DOWN' in We write the city, Joel types 'ENTER' in We write the city, Joel enters '230550' into We write the postal code, Joel clicks on We select the country]]
[Test worker] WARN net.thucydides.core.steps.BaseStepListener - stepStarted: net.thucydides.core.steps.ExecutedStepDescription@6bbf3da6
[Test worker] WARN net.thucydides.core.steps.BaseStepListener - stepFinished: current outcome:Register on the Utest site:Given Joel wants to register on the Utest site [Joel open up [Joel opens the Utest page], Joel register [Joel clicks on Button that shows us the registration]], When start the registration process in Utest
| strName | strLastName | strEmail | strMonth | strDay | strYear | strLanguagePage | strCity | strZip | strCountry | strComputer | strVersion | strLanguage | strMobile | strModel | strOS | strPassword |
| Joel David | Rochel Hernandez | joelrochel108@gmail.com | August | 24 | 1998 | Spanish | Cereté | 230550 | Colombia | Windows | Windows 10 | Spanish | Xiaomi | Redmi Note 8 | Android 11 | 123@PassReto | [Joel fill out the personal data [Joel enters 'Joel David' into We write the username, Joel enters 'Rochel Hernandez' into We write the last name of the user, Joel enters 'joelrochel108@gmail.com' into We write the user email, Joel select August on We select the month of birth, Joel select 24 on We select the day of birth, Joel select 1998 on We select the year of birth, Joel enters 'Spanish' into We write the language, Joel types 'ENTER' in We write the language, Joel clicks on Button next:location], Joel fill out the location data [Joel enters 'Cereté' into We write the city, Joel types 'ARROW_DOWN' in We write the city, Joel types 'ENTER' in We write the city, Joel enters '230550' into We write the postal code, Joel clicks on We select the country, Joel enters 'Colombia' into We write the country]]
[Test worker] WARN net.thucydides.core.steps.BaseStepListener - stepStarted: net.thucydides.core.steps.ExecutedStepDescription@4131aa62
[Test worker] WARN net.thucydides.core.steps.BaseStepListener - stepFinished: current outcome:Register on the Utest site:Given Joel wants to register on the Utest site [Joel open up [Joel opens the Utest page], Joel register [Joel clicks on Button that shows us the registration]], When start the registration process in Utest
| strName | strLastName | strEmail | strMonth | strDay | strYear | strLanguagePage | strCity | strZip | strCountry | strComputer | strVersion | strLanguage | strMobile | strModel | strOS | strPassword |
| Joel David | Rochel Hernandez | joelrochel108@gmail.com | August | 24 | 1998 | Spanish | Cereté | 230550 | Colombia | Windows | Windows 10 | Spanish | Xiaomi | Redmi Note 8 | Android 11 | 123@PassReto | [Joel fill out the personal data [Joel enters 'Joel David' into We write the username, Joel enters 'Rochel Hernandez' into We write the last name of the user, Joel enters 'joelrochel108@gmail.com' into We write the user email, Joel select August on We select the month of birth, Joel select 24 on We select the day of birth, Joel select 1998 on We select the year of birth, Joel enters 'Spanish' into We write the language, Joel types 'ENTER' in We write the language, Joel clicks on Button next:location], Joel fill out the location data [Joel enters 'Cereté' into We write the city, Joel types 'ARROW_DOWN' in We write the city, Joel types 'ENTER' in We write the city, Joel enters '230550' into We write the postal code, Joel clicks on We select the country, Joel enters 'Colombia' into We write the country, Joel clicks on Boton next:devives]]
[Test worker] WARN net.thucydides.core.steps.BaseStepListener - stepFinished: current outcome:Register on the Utest site:Given Joel wants to register on the Utest site [Joel open up [Joel opens the Utest page], Joel register [Joel clicks on Button that shows us the registration]], When start the registration process in Utest
| strName | strLastName | strEmail | strMonth | strDay | strYear | strLanguagePage | strCity | strZip | strCountry | strComputer | strVersion | strLanguage | strMobile | strModel | strOS | strPassword |
| Joel David | Rochel Hernandez | joelrochel108@gmail.com | August | 24 | 1998 | Spanish | Cereté | 230550 | Colombia | Windows | Windows 10 | Spanish | Xiaomi | Redmi Note 8 | Android 11 | 123@PassReto | [Joel fill out the personal data [Joel enters 'Joel David' into We write the username, Joel enters 'Rochel Hernandez' into We write the last name of the user, Joel enters 'joelrochel108@gmail.com' into We write the user email, Joel select August on We select the month of birth, Joel select 24 on We select the day of birth, Joel select 1998 on We select the year of birth, Joel enters 'Spanish' into We write the language, Joel types 'ENTER' in We write the language, Joel clicks on Button next:location], Joel fill out the location data [Joel enters 'Cereté' into We write the city, Joel types 'ARROW_DOWN' in We write the city, Joel types 'ENTER' in We write the city, Joel enters '230550' into We write the postal code, Joel clicks on We select the country, Joel enters 'Colombia' into We write the country, Joel clicks on Boton next:devives]]
[Test worker] WARN net.thucydides.core.steps.BaseStepListener - stepStarted: net.thucydides.core.steps.ExecutedStepDescription@770ca963
[Test worker] WARN net.thucydides.core.steps.BaseStepListener - stepStarted: net.thucydides.core.steps.ExecutedStepDescription@4477f1c0
[Test worker] WARN net.thucydides.core.steps.BaseStepListener - stepFinished: current outcome:Register on the Utest site:Given Joel wants to register on the Utest site [Joel open up [Joel opens the Utest page], Joel register [Joel clicks on Button that shows us the registration]], When start the registration process in Utest
| strName | strLastName | strEmail | strMonth | strDay | strYear | strLanguagePage | strCity | strZip | strCountry | strComputer | strVersion | strLanguage | strMobile | strModel | strOS | strPassword |
| Joel David | Rochel Hernandez | joelrochel108@gmail.com | August | 24 | 1998 | Spanish | Cereté | 230550 | Colombia | Windows | Windows 10 | Spanish | Xiaomi | Redmi Note 8 | Android 11 | 123@PassReto | [Joel fill out the personal data [Joel enters 'Joel David' into We write the username, Joel enters 'Rochel Hernandez' into We write the last name of the user, Joel enters 'joelrochel108@gmail.com' into We write the user email, Joel select August on We select the month of birth, Joel select 24 on We select the day of birth, Joel select 1998 on We select the year of birth, Joel enters 'Spanish' into We write the language, Joel types 'ENTER' in We write the language, Joel clicks on Button next:location], Joel fill out the location data [Joel enters 'Cereté' into We write the city, Joel types 'ARROW_DOWN' in We write the city, Joel types 'ENTER' in We write the city, Joel enters '230550' into We write the postal code, Joel clicks on We select the country, Joel enters 'Colombia' into We write the country, Joel clicks on Boton next:devives], Joel fill out the devices data [Joel clicks on We select the computer]]
[Test worker] WARN net.thucydides.core.steps.BaseStepListener - stepStarted: net.thucydides.core.steps.ExecutedStepDescription@5d90a91d
[Test worker] WARN net.thucydides.core.steps.BaseStepListener - stepFinished: current outcome:Register on the Utest site:Given Joel wants to register on the Utest site [Joel open up [Joel opens the Utest page], Joel register [Joel clicks on Button that shows us the registration]], When start the registration process in Utest
| strName | strLastName | strEmail | strMonth | strDay | strYear | strLanguagePage | strCity | strZip | strCountry | strComputer | strVersion | strLanguage | strMobile | strModel | strOS | strPassword |
| Joel David | Rochel Hernandez | joelrochel108@gmail.com | August | 24 | 1998 | Spanish | Cereté | 230550 | Colombia | Windows | Windows 10 | Spanish | Xiaomi | Redmi Note 8 | Android 11 | 123@PassReto | [Joel fill out the personal data [Joel enters 'Joel David' into We write the username, Joel enters 'Rochel Hernandez' into We write the last name of the user, Joel enters 'joelrochel108@gmail.com' into We write the user email, Joel select August on We select the month of birth, Joel select 24 on We select the day of birth, Joel select 1998 on We select the year of birth, Joel enters 'Spanish' into We write the language, Joel types 'ENTER' in We write the language, Joel clicks on Button next:location], Joel fill out the location data [Joel enters 'Cereté' into We write the city, Joel types 'ARROW_DOWN' in We write the city, Joel types 'ENTER' in We write the city, Joel enters '230550' into We write the postal code, Joel clicks on We select the country, Joel enters 'Colombia' into We write the country, Joel clicks on Boton next:devives], Joel fill out the devices data [Joel clicks on We select the computer, Joel enters 'Windows' into We write the computer]]
[Test worker] WARN net.thucydides.core.steps.BaseStepListener - stepStarted: net.thucydides.core.steps.ExecutedStepDescription@7636143a
[Test worker] WARN net.thucydides.core.steps.BaseStepListener - stepFinished: current outcome:Register on the Utest site:Given Joel wants to register on the Utest site [Joel open up [Joel opens the Utest page], Joel register [Joel clicks on Button that shows us the registration]], When start the registration process in Utest
| strName | strLastName | strEmail | strMonth | strDay | strYear | strLanguagePage | strCity | strZip | strCountry | strComputer | strVersion | strLanguage | strMobile | strModel | strOS | strPassword |
| Joel David | Rochel Hernandez | joelrochel108@gmail.com | August | 24 | 1998 | Spanish | Cereté | 230550 | Colombia | Windows | Windows 10 | Spanish | Xiaomi | Redmi Note 8 | Android 11 | 123@PassReto | [Joel fill out the personal data [Joel enters 'Joel David' into We write the username, Joel enters 'Rochel Hernandez' into We write the last name of the user, Joel enters 'joelrochel108@gmail.com' into We write the user email, Joel select August on We select the month of birth, Joel select 24 on We select the day of birth, Joel select 1998 on We select the year of birth, Joel enters 'Spanish' into We write the language, Joel types 'ENTER' in We write the language, Joel clicks on Button next:location], Joel fill out the location data [Joel enters 'Cereté' into We write the city, Joel types 'ARROW_DOWN' in We write the city, Joel types 'ENTER' in We write the city, Joel enters '230550' into We write the postal code, Joel clicks on We select the country, Joel enters 'Colombia' into We write the country, Joel clicks on Boton next:devives], Joel fill out the devices data [Joel clicks on We select the computer, Joel enters 'Windows' into We write the computer, Joel types 'ENTER' in We write the computer]]
[Test worker] WARN net.thucydides.core.steps.BaseStepListener - stepStarted: net.thucydides.core.steps.ExecutedStepDescription@3dff6473
[Test worker] WARN net.thucydides.core.steps.BaseStepListener - stepFinished: current outcome:Register on the Utest site:Given Joel wants to register on the Utest site [Joel open up [Joel opens the Utest page], Joel register [Joel clicks on Button that shows us the registration]], When start the registration process in Utest
| strName | strLastName | strEmail | strMonth | strDay | strYear | strLanguagePage | strCity | strZip | strCountry | strComputer | strVersion | strLanguage | strMobile | strModel | strOS | strPassword |
| Joel David | Rochel Hernandez | joelrochel108@gmail.com | August | 24 | 1998 | Spanish | Cereté | 230550 | Colombia | Windows | Windows 10 | Spanish | Xiaomi | Redmi Note 8 | Android 11 | 123@PassReto | [Joel fill out the personal data [Joel enters 'Joel David' into We write the username, Joel enters 'Rochel Hernandez' into We write the last name of the user, Joel enters 'joelrochel108@gmail.com' into We write the user email, Joel select August on We select the month of birth, Joel select 24 on We select the day of birth, Joel select 1998 on We select the year of birth, Joel enters 'Spanish' into We write the language, Joel types 'ENTER' in We write the language, Joel clicks on Button next:location], Joel fill out the location data [Joel enters 'Cereté' into We write the city, Joel types 'ARROW_DOWN' in We write the city, Joel types 'ENTER' in We write the city, Joel enters '230550' into We write the postal code, Joel clicks on We select the country, Joel enters 'Colombia' into We write the country, Joel clicks on Boton next:devives], Joel fill out the devices data [Joel clicks on We select the computer, Joel enters 'Windows' into We write the computer, Joel types 'ENTER' in We write the computer, Joel clicks on We select the version of the OS]]
[Test worker] WARN net.thucydides.core.steps.BaseStepListener - stepStarted: net.thucydides.core.steps.ExecutedStepDescription@2e926406
[Test worker] WARN net.thucydides.core.steps.BaseStepListener - stepFinished: current outcome:Register on the Utest site:Given Joel wants to register on the Utest site [Joel open up [Joel opens the Utest page], Joel register [Joel clicks on Button that shows us the registration]], When start the registration process in Utest
| strName | strLastName | strEmail | strMonth | strDay | strYear | strLanguagePage | strCity | strZip | strCountry | strComputer | strVersion | strLanguage | strMobile | strModel | strOS | strPassword |
| Joel David | Rochel Hernandez | joelrochel108@gmail.com | August | 24 | 1998 | Spanish | Cereté | 230550 | Colombia | Windows | Windows 10 | Spanish | Xiaomi | Redmi Note 8 | Android 11 | 123@PassReto | [Joel fill out the personal data [Joel enters 'Joel David' into We write the username, Joel enters 'Rochel Hernandez' into We write the last name of the user, Joel enters 'joelrochel108@gmail.com' into We write the user email, Joel select August on We select the month of birth, Joel select 24 on We select the day of birth, Joel select 1998 on We select the year of birth, Joel enters 'Spanish' into We write the language, Joel types 'ENTER' in We write the language, Joel clicks on Button next:location], Joel fill out the location data [Joel enters 'Cereté' into We write the city, Joel types 'ARROW_DOWN' in We write the city, Joel types 'ENTER' in We write the city, Joel enters '230550' into We write the postal code, Joel clicks on We select the country, Joel enters 'Colombia' into We write the country, Joel clicks on Boton next:devives], Joel fill out the devices data [Joel clicks on We select the computer, Joel enters 'Windows' into We write the computer, Joel types 'ENTER' in We write the computer, Joel clicks on We select the version of the OS, Joel enters 'Windows 10' into We write the OS version]]
[Test worker] WARN net.thucydides.core.steps.BaseStepListener - stepStarted: net.thucydides.core.steps.ExecutedStepDescription@79ddd53d
[Test worker] WARN net.thucydides.core.steps.BaseStepListener - stepFinished: current outcome:Register on the Utest site:Given Joel wants to register on the Utest site [Joel open up [Joel opens the Utest page], Joel register [Joel clicks on Button that shows us the registration]], When start the registration process in Utest
| strName | strLastName | strEmail | strMonth | strDay | strYear | strLanguagePage | strCity | strZip | strCountry | strComputer | strVersion | strLanguage | strMobile | strModel | strOS | strPassword |
| Joel David | Rochel Hernandez | joelrochel108@gmail.com | August | 24 | 1998 | Spanish | Cereté | 230550 | Colombia | Windows | Windows 10 | Spanish | Xiaomi | Redmi Note 8 | Android 11 | 123@PassReto | [Joel fill out the personal data [Joel enters 'Joel David' into We write the username, Joel enters 'Rochel Hernandez' into We write the last name of the user, Joel enters 'joelrochel108@gmail.com' into We write the user email, Joel select August on We select the month of birth, Joel select 24 on We select the day of birth, Joel select 1998 on We select the year of birth, Joel enters 'Spanish' into We write the language, Joel types 'ENTER' in We write the language, Joel clicks on Button next:location], Joel fill out the location data [Joel enters 'Cereté' into We write the city, Joel types 'ARROW_DOWN' in We write the city, Joel types 'ENTER' in We write the city, Joel enters '230550' into We write the postal code, Joel clicks on We select the country, Joel enters 'Colombia' into We write the country, Joel clicks on Boton next:devives], Joel fill out the devices data [Joel clicks on We select the computer, Joel enters 'Windows' into We write the computer, Joel types 'ENTER' in We write the computer, Joel clicks on We select the version of the OS, Joel enters 'Windows 10' into We write the OS version, Joel types 'ENTER' in We write the OS version]]
[Test worker] WARN net.thucydides.core.steps.BaseStepListener - stepStarted: net.thucydides.core.steps.ExecutedStepDescription@56baa6b9
[Test worker] WARN net.thucydides.core.steps.BaseStepListener - stepFinished: current outcome:Register on the Utest site:Given Joel wants to register on the Utest site [Joel open up [Joel opens the Utest page], Joel register [Joel clicks on Button that shows us the registration]], When start the registration process in Utest
| strName | strLastName | strEmail | strMonth | strDay | strYear | strLanguagePage | strCity | strZip | strCountry | strComputer | strVersion | strLanguage | strMobile | strModel | strOS | strPassword |
| Joel David | Rochel Hernandez | joelrochel108@gmail.com | August | 24 | 1998 | Spanish | Cereté | 230550 | Colombia | Windows | Windows 10 | Spanish | Xiaomi | Redmi Note 8 | Android 11 | 123@PassReto | [Joel fill out the personal data [Joel enters 'Joel David' into We write the username, Joel enters 'Rochel Hernandez' into We write the last name of the user, Joel enters 'joelrochel108@gmail.com' into We write the user email, Joel select August on We select the month of birth, Joel select 24 on We select the day of birth, Joel select 1998 on We select the year of birth, Joel enters 'Spanish' into We write the language, Joel types 'ENTER' in We write the language, Joel clicks on Button next:location], Joel fill out the location data [Joel enters 'Cereté' into We write the city, Joel types 'ARROW_DOWN' in We write the city, Joel types 'ENTER' in We write the city, Joel enters '230550' into We write the postal code, Joel clicks on We select the country, Joel enters 'Colombia' into We write the country, Joel clicks on Boton next:devives], Joel fill out the devices data [Joel clicks on We select the computer, Joel enters 'Windows' into We write the computer, Joel types 'ENTER' in We write the computer, Joel clicks on We select the version of the OS, Joel enters 'Windows 10' into We write the OS version, Joel types 'ENTER' in We write the OS version, Joel clicks on We select the language]]
[Test worker] WARN net.thucydides.core.steps.BaseStepListener - stepStarted: net.thucydides.core.steps.ExecutedStepDescription@36d96aae
[Test worker] WARN net.thucydides.core.steps.BaseStepListener - stepFinished: current outcome:Register on the Utest site:Given Joel wants to register on the Utest site [Joel open up [Joel opens the Utest page], Joel register [Joel clicks on Button that shows us the registration]], When start the registration process in Utest
| strName | strLastName | strEmail | strMonth | strDay | strYear | strLanguagePage | strCity | strZip | strCountry | strComputer | strVersion | strLanguage | strMobile | strModel | strOS | strPassword |
| Joel David | Rochel Hernandez | joelrochel108@gmail.com | August | 24 | 1998 | Spanish | Cereté | 230550 | Colombia | Windows | Windows 10 | Spanish | Xiaomi | Redmi Note 8 | Android 11 | 123@PassReto | [Joel fill out the personal data [Joel enters 'Joel David' into We write the username, Joel enters 'Rochel Hernandez' into We write the last name of the user, Joel enters 'joelrochel108@gmail.com' into We write the user email, Joel select August on We select the month of birth, Joel select 24 on We select the day of birth, Joel select 1998 on We select the year of birth, Joel enters 'Spanish' into We write the language, Joel types 'ENTER' in We write the language, Joel clicks on Button next:location], Joel fill out the location data [Joel enters 'Cereté' into We write the city, Joel types 'ARROW_DOWN' in We write the city, Joel types 'ENTER' in We write the city, Joel enters '230550' into We write the postal code, Joel clicks on We select the country, Joel enters 'Colombia' into We write the country, Joel clicks on Boton next:devives], Joel fill out the devices data [Joel clicks on We select the computer, Joel enters 'Windows' into We write the computer, Joel types 'ENTER' in We write the computer, Joel clicks on We select the version of the OS, Joel enters 'Windows 10' into We write the OS version, Joel types 'ENTER' in We write the OS version, Joel clicks on We select the language, Joel enters 'Spanish' into We write the language]]
[Test worker] WARN net.thucydides.core.steps.BaseStepListener - stepStarted: net.thucydides.core.steps.ExecutedStepDescription@e5b26b8
[Test worker] WARN net.thucydides.core.steps.BaseStepListener - stepFinished: current outcome:Register on the Utest site:Given Joel wants to register on the Utest site [Joel open up [Joel opens the Utest page], Joel register [Joel clicks on Button that shows us the registration]], When start the registration process in Utest
| strName | strLastName | strEmail | strMonth | strDay | strYear | strLanguagePage | strCity | strZip | strCountry | strComputer | strVersion | strLanguage | strMobile | strModel | strOS | strPassword |
| Joel David | Rochel Hernandez | joelrochel108@gmail.com | August | 24 | 1998 | Spanish | Cereté | 230550 | Colombia | Windows | Windows 10 | Spanish | Xiaomi | Redmi Note 8 | Android 11 | 123@PassReto | [Joel fill out the personal data [Joel enters 'Joel David' into We write the username, Joel enters 'Rochel Hernandez' into We write the last name of the user, Joel enters 'joelrochel108@gmail.com' into We write the user email, Joel select August on We select the month of birth, Joel select 24 on We select the day of birth, Joel select 1998 on We select the year of birth, Joel enters 'Spanish' into We write the language, Joel types 'ENTER' in We write the language, Joel clicks on Button next:location], Joel fill out the location data [Joel enters 'Cereté' into We write the city, Joel types 'ARROW_DOWN' in We write the city, Joel types 'ENTER' in We write the city, Joel enters '230550' into We write the postal code, Joel clicks on We select the country, Joel enters 'Colombia' into We write the country, Joel clicks on Boton next:devives], Joel fill out the devices data [Joel clicks on We select the computer, Joel enters 'Windows' into We write the computer, Joel types 'ENTER' in We write the computer, Joel clicks on We select the version of the OS, Joel enters 'Windows 10' into We write the OS version, Joel types 'ENTER' in We write the OS version, Joel clicks on We select the language, Joel enters 'Spanish' into We write the language, Joel types 'ENTER' in We write the language]]
[Test worker] WARN net.thucydides.core.steps.BaseStepListener - stepStarted: net.thucydides.core.steps.ExecutedStepDescription@5532f1fb
[Test worker] WARN net.thucydides.core.steps.BaseStepListener - stepFinished: current outcome:Register on the Utest site:Given Joel wants to register on the Utest site [Joel open up [Joel opens the Utest page], Joel register [Joel clicks on Button that shows us the registration]], When start the registration process in Utest
| strName | strLastName | strEmail | strMonth | strDay | strYear | strLanguagePage | strCity | strZip | strCountry | strComputer | strVersion | strLanguage | strMobile | strModel | strOS | strPassword |
| Joel David | Rochel Hernandez | joelrochel108@gmail.com | August | 24 | 1998 | Spanish | Cereté | 230550 | Colombia | Windows | Windows 10 | Spanish | Xiaomi | Redmi Note 8 | Android 11 | 123@PassReto | [Joel fill out the personal data [Joel enters 'Joel David' into We write the username, Joel enters 'Rochel Hernandez' into We write the last name of the user, Joel enters 'joelrochel108@gmail.com' into We write the user email, Joel select August on We select the month of birth, Joel select 24 on We select the day of birth, Joel select 1998 on We select the year of birth, Joel enters 'Spanish' into We write the language, Joel types 'ENTER' in We write the language, Joel clicks on Button next:location], Joel fill out the location data [Joel enters 'Cereté' into We write the city, Joel types 'ARROW_DOWN' in We write the city, Joel types 'ENTER' in We write the city, Joel enters '230550' into We write the postal code, Joel clicks on We select the country, Joel enters 'Colombia' into We write the country, Joel clicks on Boton next:devives], Joel fill out the devices data [Joel clicks on We select the computer, Joel enters 'Windows' into We write the computer, Joel types 'ENTER' in We write the computer, Joel clicks on We select the version of the OS, Joel enters 'Windows 10' into We write the OS version, Joel types 'ENTER' in We write the OS version, Joel clicks on We select the language, Joel enters 'Spanish' into We write the language, Joel types 'ENTER' in We write the language, Joel clicks on We select the cell phone]]
[Test worker] WARN net.thucydides.core.steps.BaseStepListener - stepStarted: net.thucydides.core.steps.ExecutedStepDescription@1b8a50d9
[Test worker] WARN net.thucydides.core.steps.BaseStepListener - stepFinished: current outcome:Register on the Utest site:Given Joel wants to register on the Utest site [Joel open up [Joel opens the Utest page], Joel register [Joel clicks on Button that shows us the registration]], When start the registration process in Utest
| strName | strLastName | strEmail | strMonth | strDay | strYear | strLanguagePage | strCity | strZip | strCountry | strComputer | strVersion | strLanguage | strMobile | strModel | strOS | strPassword |
| Joel David | Rochel Hernandez | joelrochel108@gmail.com | August | 24 | 1998 | Spanish | Cereté | 230550 | Colombia | Windows | Windows 10 | Spanish | Xiaomi | Redmi Note 8 | Android 11 | 123@PassReto | [Joel fill out the personal data [Joel enters 'Joel David' into We write the username, Joel enters 'Rochel Hernandez' into We write the last name of the user, Joel enters 'joelrochel108@gmail.com' into We write the user email, Joel select August on We select the month of birth, Joel select 24 on We select the day of birth, Joel select 1998 on We select the year of birth, Joel enters 'Spanish' into We write the language, Joel types 'ENTER' in We write the language, Joel clicks on Button next:location], Joel fill out the location data [Joel enters 'Cereté' into We write the city, Joel types 'ARROW_DOWN' in We write the city, Joel types 'ENTER' in We write the city, Joel enters '230550' into We write the postal code, Joel clicks on We select the country, Joel enters 'Colombia' into We write the country, Joel clicks on Boton next:devives], Joel fill out the devices data [Joel clicks on We select the computer, Joel enters 'Windows' into We write the computer, Joel types 'ENTER' in We write the computer, Joel clicks on We select the version of the OS, Joel enters 'Windows 10' into We write the OS version, Joel types 'ENTER' in We write the OS version, Joel clicks on We select the language, Joel enters 'Spanish' into We write the language, Joel types 'ENTER' in We write the language, Joel clicks on We select the cell phone, Joel enters 'Xiaomi' into We write the cell]]
[Test worker] WARN net.thucydides.core.steps.BaseStepListener - stepStarted: net.thucydides.core.steps.ExecutedStepDescription@6e302280
[Test worker] WARN net.thucydides.core.steps.BaseStepListener - stepFinished: current outcome:Register on the Utest site:Given Joel wants to register on the Utest site [Joel open up [Joel opens the Utest page], Joel register [Joel clicks on Button that shows us the registration]], When start the registration process in Utest
| strName | strLastName | strEmail | strMonth | strDay | strYear | strLanguagePage | strCity | strZip | strCountry | strComputer | strVersion | strLanguage | strMobile | strModel | strOS | strPassword |
| Joel David | Rochel Hernandez | joelrochel108@gmail.com | August | 24 | 1998 | Spanish | Cereté | 230550 | Colombia | Windows | Windows 10 | Spanish | Xiaomi | Redmi Note 8 | Android 11 | 123@PassReto | [Joel fill out the personal data [Joel enters 'Joel David' into We write the username, Joel enters 'Rochel Hernandez' into We write the last name of the user, Joel enters 'joelrochel108@gmail.com' into We write the user email, Joel select August on We select the month of birth, Joel select 24 on We select the day of birth, Joel select 1998 on We select the year of birth, Joel enters 'Spanish' into We write the language, Joel types 'ENTER' in We write the language, Joel clicks on Button next:location], Joel fill out the location data [Joel enters 'Cereté' into We write the city, Joel types 'ARROW_DOWN' in We write the city, Joel types 'ENTER' in We write the city, Joel enters '230550' into We write the postal code, Joel clicks on We select the country, Joel enters 'Colombia' into We write the country, Joel clicks on Boton next:devives], Joel fill out the devices data [Joel clicks on We select the computer, Joel enters 'Windows' into We write the computer, Joel types 'ENTER' in We write the computer, Joel clicks on We select the version of the OS, Joel enters 'Windows 10' into We write the OS version, Joel types 'ENTER' in We write the OS version, Joel clicks on We select the language, Joel enters 'Spanish' into We write the language, Joel types 'ENTER' in We write the language, Joel clicks on We select the cell phone, Joel enters 'Xiaomi' into We write the cell, Joel types 'ENTER' in We write the cell]]
[Test worker] WARN net.thucydides.core.steps.BaseStepListener - stepStarted: net.thucydides.core.steps.ExecutedStepDescription@57cf66d2
[Test worker] WARN net.thucydides.core.steps.BaseStepListener - stepFinished: current outcome:Register on the Utest site:Given Joel wants to register on the Utest site [Joel open up [Joel opens the Utest page], Joel register [Joel clicks on Button that shows us the registration]], When start the registration process in Utest
| strName | strLastName | strEmail | strMonth | strDay | strYear | strLanguagePage | strCity | strZip | strCountry | strComputer | strVersion | strLanguage | strMobile | strModel | strOS | strPassword |
| Joel David | Rochel Hernandez | joelrochel108@gmail.com | August | 24 | 1998 | Spanish | Cereté | 230550 | Colombia | Windows | Windows 10 | Spanish | Xiaomi | Redmi Note 8 | Android 11 | 123@PassReto | [Joel fill out the personal data [Joel enters 'Joel David' into We write the username, Joel enters 'Rochel Hernandez' into We write the last name of the user, Joel enters 'joelrochel108@gmail.com' into We write the user email, Joel select August on We select the month of birth, Joel select 24 on We select the day of birth, Joel select 1998 on We select the year of birth, Joel enters 'Spanish' into We write the language, Joel types 'ENTER' in We write the language, Joel clicks on Button next:location], Joel fill out the location data [Joel enters 'Cereté' into We write the city, Joel types 'ARROW_DOWN' in We write the city, Joel types 'ENTER' in We write the city, Joel enters '230550' into We write the postal code, Joel clicks on We select the country, Joel enters 'Colombia' into We write the country, Joel clicks on Boton next:devives], Joel fill out the devices data [Joel clicks on We select the computer, Joel enters 'Windows' into We write the computer, Joel types 'ENTER' in We write the computer, Joel clicks on We select the version of the OS, Joel enters 'Windows 10' into We write the OS version, Joel types 'ENTER' in We write the OS version, Joel clicks on We select the language, Joel enters 'Spanish' into We write the language, Joel types 'ENTER' in We write the language, Joel clicks on We select the cell phone, Joel enters 'Xiaomi' into We write the cell, Joel types 'ENTER' in We write the cell, Joel clicks on We select the model]]
[Test worker] WARN net.thucydides.core.steps.BaseStepListener - stepStarted: net.thucydides.core.steps.ExecutedStepDescription@365f44ee
[Test worker] WARN net.thucydides.core.steps.BaseStepListener - stepFinished: current outcome:Register on the Utest site:Given Joel wants to register on the Utest site [Joel open up [Joel opens the Utest page], Joel register [Joel clicks on Button that shows us the registration]], When start the registration process in Utest
| strName | strLastName | strEmail | strMonth | strDay | strYear | strLanguagePage | strCity | strZip | strCountry | strComputer | strVersion | strLanguage | strMobile | strModel | strOS | strPassword |
| Joel David | Rochel Hernandez | joelrochel108@gmail.com | August | 24 | 1998 | Spanish | Cereté | 230550 | Colombia | Windows | Windows 10 | Spanish | Xiaomi | Redmi Note 8 | Android 11 | 123@PassReto | [Joel fill out the personal data [Joel enters 'Joel David' into We write the username, Joel enters 'Rochel Hernandez' into We write the last name of the user, Joel enters 'joelrochel108@gmail.com' into We write the user email, Joel select August on We select the month of birth, Joel select 24 on We select the day of birth, Joel select 1998 on We select the year of birth, Joel enters 'Spanish' into We write the language, Joel types 'ENTER' in We write the language, Joel clicks on Button next:location], Joel fill out the location data [Joel enters 'Cereté' into We write the city, Joel types 'ARROW_DOWN' in We write the city, Joel types 'ENTER' in We write the city, Joel enters '230550' into We write the postal code, Joel clicks on We select the country, Joel enters 'Colombia' into We write the country, Joel clicks on Boton next:devives], Joel fill out the devices data [Joel clicks on We select the computer, Joel enters 'Windows' into We write the computer, Joel types 'ENTER' in We write the computer, Joel clicks on We select the version of the OS, Joel enters 'Windows 10' into We write the OS version, Joel types 'ENTER' in We write the OS version, Joel clicks on We select the language, Joel enters 'Spanish' into We write the language, Joel types 'ENTER' in We write the language, Joel clicks on We select the cell phone, Joel enters 'Xiaomi' into We write the cell, Joel types 'ENTER' in We write the cell, Joel clicks on We select the model, Joel enters 'Redmi Note 8' into We write the model]]
[Test worker] WARN net.thucydides.core.steps.BaseStepListener - stepStarted: net.thucydides.core.steps.ExecutedStepDescription@1e20f47a
[Test worker] WARN net.thucydides.core.steps.BaseStepListener - stepFinished: current outcome:Register on the Utest site:Given Joel wants to register on the Utest site [Joel open up [Joel opens the Utest page], Joel register [Joel clicks on Button that shows us the registration]], When start the registration process in Utest
| strName | strLastName | strEmail | strMonth | strDay | strYear | strLanguagePage | strCity | strZip | strCountry | strComputer | strVersion | strLanguage | strMobile | strModel | strOS | strPassword |
| Joel David | Rochel Hernandez | joelrochel108@gmail.com | August | 24 | 1998 | Spanish | Cereté | 230550 | Colombia | Windows | Windows 10 | Spanish | Xiaomi | Redmi Note 8 | Android 11 | 123@PassReto | [Joel fill out the personal data [Joel enters 'Joel David' into We write the username, Joel enters 'Rochel Hernandez' into We write the last name of the user, Joel enters 'joelrochel108@gmail.com' into We write the user email, Joel select August on We select the month of birth, Joel select 24 on We select the day of birth, Joel select 1998 on We select the year of birth, Joel enters 'Spanish' into We write the language, Joel types 'ENTER' in We write the language, Joel clicks on Button next:location], Joel fill out the location data [Joel enters 'Cereté' into We write the city, Joel types 'ARROW_DOWN' in We write the city, Joel types 'ENTER' in We write the city, Joel enters '230550' into We write the postal code, Joel clicks on We select the country, Joel enters 'Colombia' into We write the country, Joel clicks on Boton next:devives], Joel fill out the devices data [Joel clicks on We select the computer, Joel enters 'Windows' into We write the computer, Joel types 'ENTER' in We write the computer, Joel clicks on We select the version of the OS, Joel enters 'Windows 10' into We write the OS version, Joel types 'ENTER' in We write the OS version, Joel clicks on We select the language, Joel enters 'Spanish' into We write the language, Joel types 'ENTER' in We write the language, Joel clicks on We select the cell phone, Joel enters 'Xiaomi' into We write the cell, Joel types 'ENTER' in We write the cell, Joel clicks on We select the model, Joel enters 'Redmi Note 8' into We write the model, Joel types 'ENTER' in We write the model]]
[Test worker] WARN net.thucydides.core.steps.BaseStepListener - stepStarted: net.thucydides.core.steps.ExecutedStepDescription@19c58a6f
[Test worker] WARN net.thucydides.core.steps.BaseStepListener - stepFinished: current outcome:Register on the Utest site:Given Joel wants to register on the Utest site [Joel open up [Joel opens the Utest page], Joel register [Joel clicks on Button that shows us the registration]], When start the registration process in Utest
| strName | strLastName | strEmail | strMonth | strDay | strYear | strLanguagePage | strCity | strZip | strCountry | strComputer | strVersion | strLanguage | strMobile | strModel | strOS | strPassword |
| Joel David | Rochel Hernandez | joelrochel108@gmail.com | August | 24 | 1998 | Spanish | Cereté | 230550 | Colombia | Windows | Windows 10 | Spanish | Xiaomi | Redmi Note 8 | Android 11 | 123@PassReto | [Joel fill out the personal data [Joel enters 'Joel David' into We write the username, Joel enters 'Rochel Hernandez' into We write the last name of the user, Joel enters 'joelrochel108@gmail.com' into We write the user email, Joel select August on We select the month of birth, Joel select 24 on We select the day of birth, Joel select 1998 on We select the year of birth, Joel enters 'Spanish' into We write the language, Joel types 'ENTER' in We write the language, Joel clicks on Button next:location], Joel fill out the location data [Joel enters 'Cereté' into We write the city, Joel types 'ARROW_DOWN' in We write the city, Joel types 'ENTER' in We write the city, Joel enters '230550' into We write the postal code, Joel clicks on We select the country, Joel enters 'Colombia' into We write the country, Joel clicks on Boton next:devives], Joel fill out the devices data [Joel clicks on We select the computer, Joel enters 'Windows' into We write the computer, Joel types 'ENTER' in We write the computer, Joel clicks on We select the version of the OS, Joel enters 'Windows 10' into We write the OS version, Joel types 'ENTER' in We write the OS version, Joel clicks on We select the language, Joel enters 'Spanish' into We write the language, Joel types 'ENTER' in We write the language, Joel clicks on We select the cell phone, Joel enters 'Xiaomi' into We write the cell, Joel types 'ENTER' in We write the cell, Joel clicks on We select the model, Joel enters 'Redmi Note 8' into We write the model, Joel types 'ENTER' in We write the model, Joel clicks on We select the OS of the cell phone]]
[Test worker] WARN net.thucydides.core.steps.BaseStepListener - stepStarted: net.thucydides.core.steps.ExecutedStepDescription@1e668750
[Test worker] WARN net.thucydides.core.steps.BaseStepListener - stepFinished: current outcome:Register on the Utest site:Given Joel wants to register on the Utest site [Joel open up [Joel opens the Utest page], Joel register [Joel clicks on Button that shows us the registration]], When start the registration process in Utest
| strName | strLastName | strEmail | strMonth | strDay | strYear | strLanguagePage | strCity | strZip | strCountry | strComputer | strVersion | strLanguage | strMobile | strModel | strOS | strPassword |
| Joel David | Rochel Hernandez | joelrochel108@gmail.com | August | 24 | 1998 | Spanish | Cereté | 230550 | Colombia | Windows | Windows 10 | Spanish | Xiaomi | Redmi Note 8 | Android 11 | 123@PassReto | [Joel fill out the personal data [Joel enters 'Joel David' into We write the username, Joel enters 'Rochel Hernandez' into We write the last name of the user, Joel enters 'joelrochel108@gmail.com' into We write the user email, Joel select August on We select the month of birth, Joel select 24 on We select the day of birth, Joel select 1998 on We select the year of birth, Joel enters 'Spanish' into We write the language, Joel types 'ENTER' in We write the language, Joel clicks on Button next:location], Joel fill out the location data [Joel enters 'Cereté' into We write the city, Joel types 'ARROW_DOWN' in We write the city, Joel types 'ENTER' in We write the city, Joel enters '230550' into We write the postal code, Joel clicks on We select the country, Joel enters 'Colombia' into We write the country, Joel clicks on Boton next:devives], Joel fill out the devices data [Joel clicks on We select the computer, Joel enters 'Windows' into We write the computer, Joel types 'ENTER' in We write the computer, Joel clicks on We select the version of the OS, Joel enters 'Windows 10' into We write the OS version, Joel types 'ENTER' in We write the OS version, Joel clicks on We select the language, Joel enters 'Spanish' into We write the language, Joel types 'ENTER' in We write the language, Joel clicks on We select the cell phone, Joel enters 'Xiaomi' into We write the cell, Joel types 'ENTER' in We write the cell, Joel clicks on We select the model, Joel enters 'Redmi Note 8' into We write the model, Joel types 'ENTER' in We write the model, Joel clicks on We select the OS of the cell phone, Joel enters 'Android 11' into We write the OS of the cell phone]]
[Test worker] WARN net.thucydides.core.steps.BaseStepListener - stepStarted: net.thucydides.core.steps.ExecutedStepDescription@30d22daf
[Test worker] WARN net.thucydides.core.steps.BaseStepListener - stepFinished: current outcome:Register on the Utest site:Given Joel wants to register on the Utest site [Joel open up [Joel opens the Utest page], Joel register [Joel clicks on Button that shows us the registration]], When start the registration process in Utest
| strName | strLastName | strEmail | strMonth | strDay | strYear | strLanguagePage | strCity | strZip | strCountry | strComputer | strVersion | strLanguage | strMobile | strModel | strOS | strPassword |
| Joel David | Rochel Hernandez | joelrochel108@gmail.com | August | 24 | 1998 | Spanish | Cereté | 230550 | Colombia | Windows | Windows 10 | Spanish | Xiaomi | Redmi Note 8 | Android 11 | 123@PassReto | [Joel fill out the personal data [Joel enters 'Joel David' into We write the username, Joel enters 'Rochel Hernandez' into We write the last name of the user, Joel enters 'joelrochel108@gmail.com' into We write the user email, Joel select August on We select the month of birth, Joel select 24 on We select the day of birth, Joel select 1998 on We select the year of birth, Joel enters 'Spanish' into We write the language, Joel types 'ENTER' in We write the language, Joel clicks on Button next:location], Joel fill out the location data [Joel enters 'Cereté' into We write the city, Joel types 'ARROW_DOWN' in We write the city, Joel types 'ENTER' in We write the city, Joel enters '230550' into We write the postal code, Joel clicks on We select the country, Joel enters 'Colombia' into We write the country, Joel clicks on Boton next:devives], Joel fill out the devices data [Joel clicks on We select the computer, Joel enters 'Windows' into We write the computer, Joel types 'ENTER' in We write the computer, Joel clicks on We select the version of the OS, Joel enters 'Windows 10' into We write the OS version, Joel types 'ENTER' in We write the OS version, Joel clicks on We select the language, Joel enters 'Spanish' into We write the language, Joel types 'ENTER' in We write the language, Joel clicks on We select the cell phone, Joel enters 'Xiaomi' into We write the cell, Joel types 'ENTER' in We write the cell, Joel clicks on We select the model, Joel enters 'Redmi Note 8' into We write the model, Joel types 'ENTER' in We write the model, Joel clicks on We select the OS of the cell phone, Joel enters 'Android 11' into We write the OS of the cell phone, Joel types 'ENTER' in We write the OS of the cell phone]]
[Test worker] WARN net.thucydides.core.steps.BaseStepListener - stepStarted: net.thucydides.core.steps.ExecutedStepDescription@46e0700b
[Test worker] WARN net.thucydides.core.steps.BaseStepListener - stepFinished: current outcome:Register on the Utest site:Given Joel wants to register on the Utest site [Joel open up [Joel opens the Utest page], Joel register [Joel clicks on Button that shows us the registration]], When start the registration process in Utest
| strName | strLastName | strEmail | strMonth | strDay | strYear | strLanguagePage | strCity | strZip | strCountry | strComputer | strVersion | strLanguage | strMobile | strModel | strOS | strPassword |
| Joel David | Rochel Hernandez | joelrochel108@gmail.com | August | 24 | 1998 | Spanish | Cereté | 230550 | Colombia | Windows | Windows 10 | Spanish | Xiaomi | Redmi Note 8 | Android 11 | 123@PassReto | [Joel fill out the personal data [Joel enters 'Joel David' into We write the username, Joel enters 'Rochel Hernandez' into We write the last name of the user, Joel enters 'joelrochel108@gmail.com' into We write the user email, Joel select August on We select the month of birth, Joel select 24 on We select the day of birth, Joel select 1998 on We select the year of birth, Joel enters 'Spanish' into We write the language, Joel types 'ENTER' in We write the language, Joel clicks on Button next:location], Joel fill out the location data [Joel enters 'Cereté' into We write the city, Joel types 'ARROW_DOWN' in We write the city, Joel types 'ENTER' in We write the city, Joel enters '230550' into We write the postal code, Joel clicks on We select the country, Joel enters 'Colombia' into We write the country, Joel clicks on Boton next:devives], Joel fill out the devices data [Joel clicks on We select the computer, Joel enters 'Windows' into We write the computer, Joel types 'ENTER' in We write the computer, Joel clicks on We select the version of the OS, Joel enters 'Windows 10' into We write the OS version, Joel types 'ENTER' in We write the OS version, Joel clicks on We select the language, Joel enters 'Spanish' into We write the language, Joel types 'ENTER' in We write the language, Joel clicks on We select the cell phone, Joel enters 'Xiaomi' into We write the cell, Joel types 'ENTER' in We write the cell, Joel clicks on We select the model, Joel enters 'Redmi Note 8' into We write the model, Joel types 'ENTER' in We write the model, Joel clicks on We select the OS of the cell phone, Joel enters 'Android 11' into We write the OS of the cell phone, Joel types 'ENTER' in We write the OS of the cell phone, Joel clicks on Boton next:Last Step]]
[Test worker] WARN net.thucydides.core.steps.BaseStepListener - stepFinished: current outcome:Register on the Utest site:Given Joel wants to register on the Utest site [Joel open up [Joel opens the Utest page], Joel register [Joel clicks on Button that shows us the registration]], When start the registration process in Utest
| strName | strLastName | strEmail | strMonth | strDay | strYear | strLanguagePage | strCity | strZip | strCountry | strComputer | strVersion | strLanguage | strMobile | strModel | strOS | strPassword |
| Joel David | Rochel Hernandez | joelrochel108@gmail.com | August | 24 | 1998 | Spanish | Cereté | 230550 | Colombia | Windows | Windows 10 | Spanish | Xiaomi | Redmi Note 8 | Android 11 | 123@PassReto | [Joel fill out the personal data [Joel enters 'Joel David' into We write the username, Joel enters 'Rochel Hernandez' into We write the last name of the user, Joel enters 'joelrochel108@gmail.com' into We write the user email, Joel select August on We select the month of birth, Joel select 24 on We select the day of birth, Joel select 1998 on We select the year of birth, Joel enters 'Spanish' into We write the language, Joel types 'ENTER' in We write the language, Joel clicks on Button next:location], Joel fill out the location data [Joel enters 'Cereté' into We write the city, Joel types 'ARROW_DOWN' in We write the city, Joel types 'ENTER' in We write the city, Joel enters '230550' into We write the postal code, Joel clicks on We select the country, Joel enters 'Colombia' into We write the country, Joel clicks on Boton next:devives], Joel fill out the devices data [Joel clicks on We select the computer, Joel enters 'Windows' into We write the computer, Joel types 'ENTER' in We write the computer, Joel clicks on We select the version of the OS, Joel enters 'Windows 10' into We write the OS version, Joel types 'ENTER' in We write the OS version, Joel clicks on We select the language, Joel enters 'Spanish' into We write the language, Joel types 'ENTER' in We write the language, Joel clicks on We select the cell phone, Joel enters 'Xiaomi' into We write the cell, Joel types 'ENTER' in We write the cell, Joel clicks on We select the model, Joel enters 'Redmi Note 8' into We write the model, Joel types 'ENTER' in We write the model, Joel clicks on We select the OS of the cell phone, Joel enters 'Android 11' into We write the OS of the cell phone, Joel types 'ENTER' in We write the OS of the cell phone, Joel clicks on Boton next:Last Step]]
[Test worker] WARN net.thucydides.core.steps.BaseStepListener - stepStarted: net.thucydides.core.steps.ExecutedStepDescription@2d3fce4c
[Test worker] WARN net.thucydides.core.steps.BaseStepListener - stepStarted: net.thucydides.core.steps.ExecutedStepDescription@52b33569
[Test worker] WARN net.thucydides.core.steps.BaseStepListener - stepFinished: current outcome:Register on the Utest site:Given Joel wants to register on the Utest site [Joel open up [Joel opens the Utest page], Joel register [Joel clicks on Button that shows us the registration]], When start the registration process in Utest
| strName | strLastName | strEmail | strMonth | strDay | strYear | strLanguagePage | strCity | strZip | strCountry | strComputer | strVersion | strLanguage | strMobile | strModel | strOS | strPassword |
| Joel David | Rochel Hernandez | joelrochel108@gmail.com | August | 24 | 1998 | Spanish | Cereté | 230550 | Colombia | Windows | Windows 10 | Spanish | Xiaomi | Redmi Note 8 | Android 11 | 123@PassReto | [Joel fill out the personal data [Joel enters 'Joel David' into We write the username, Joel enters 'Rochel Hernandez' into We write the last name of the user, Joel enters 'joelrochel108@gmail.com' into We write the user email, Joel select August on We select the month of birth, Joel select 24 on We select the day of birth, Joel select 1998 on We select the year of birth, Joel enters 'Spanish' into We write the language, Joel types 'ENTER' in We write the language, Joel clicks on Button next:location], Joel fill out the location data [Joel enters 'Cereté' into We write the city, Joel types 'ARROW_DOWN' in We write the city, Joel types 'ENTER' in We write the city, Joel enters '230550' into We write the postal code, Joel clicks on We select the country, Joel enters 'Colombia' into We write the country, Joel clicks on Boton next:devives], Joel fill out the devices data [Joel clicks on We select the computer, Joel enters 'Windows' into We write the computer, Joel types 'ENTER' in We write the computer, Joel clicks on We select the version of the OS, Joel enters 'Windows 10' into We write the OS version, Joel types 'ENTER' in We write the OS version, Joel clicks on We select the language, Joel enters 'Spanish' into We write the language, Joel types 'ENTER' in We write the language, Joel clicks on We select the cell phone, Joel enters 'Xiaomi' into We write the cell, Joel types 'ENTER' in We write the cell, Joel clicks on We select the model, Joel enters 'Redmi Note 8' into We write the model, Joel types 'ENTER' in We write the model, Joel clicks on We select the OS of the cell phone, Joel enters 'Android 11' into We write the OS of the cell phone, Joel types 'ENTER' in We write the OS of the cell phone, Joel clicks on Boton next:Last Step], Joel fill out the credentials data [Joel enters '123@PassReto' into We write the password]]
[Test worker] WARN net.thucydides.core.steps.BaseStepListener - stepStarted: net.thucydides.core.steps.ExecutedStepDescription@c279b69
[Test worker] WARN net.thucydides.core.steps.BaseStepListener - stepFinished: current outcome:Register on the Utest site:Given Joel wants to register on the Utest site [Joel open up [Joel opens the Utest page], Joel register [Joel clicks on Button that shows us the registration]], When start the registration process in Utest
| strName | strLastName | strEmail | strMonth | strDay | strYear | strLanguagePage | strCity | strZip | strCountry | strComputer | strVersion | strLanguage | strMobile | strModel | strOS | strPassword |
| Joel David | Rochel Hernandez | joelrochel108@gmail.com | August | 24 | 1998 | Spanish | Cereté | 230550 | Colombia | Windows | Windows 10 | Spanish | Xiaomi | Redmi Note 8 | Android 11 | 123@PassReto | [Joel fill out the personal data [Joel enters 'Joel David' into We write the username, Joel enters 'Rochel Hernandez' into We write the last name of the user, Joel enters 'joelrochel108@gmail.com' into We write the user email, Joel select August on We select the month of birth, Joel select 24 on We select the day of birth, Joel select 1998 on We select the year of birth, Joel enters 'Spanish' into We write the language, Joel types 'ENTER' in We write the language, Joel clicks on Button next:location], Joel fill out the location data [Joel enters 'Cereté' into We write the city, Joel types 'ARROW_DOWN' in We write the city, Joel types 'ENTER' in We write the city, Joel enters '230550' into We write the postal code, Joel clicks on We select the country, Joel enters 'Colombia' into We write the country, Joel clicks on Boton next:devives], Joel fill out the devices data [Joel clicks on We select the computer, Joel enters 'Windows' into We write the computer, Joel types 'ENTER' in We write the computer, Joel clicks on We select the version of the OS, Joel enters 'Windows 10' into We write the OS version, Joel types 'ENTER' in We write the OS version, Joel clicks on We select the language, Joel enters 'Spanish' into We write the language, Joel types 'ENTER' in We write the language, Joel clicks on We select the cell phone, Joel enters 'Xiaomi' into We write the cell, Joel types 'ENTER' in We write the cell, Joel clicks on We select the model, Joel enters 'Redmi Note 8' into We write the model, Joel types 'ENTER' in We write the model, Joel clicks on We select the OS of the cell phone, Joel enters 'Android 11' into We write the OS of the cell phone, Joel types 'ENTER' in We write the OS of the cell phone, Joel clicks on Boton next:Last Step], Joel fill out the credentials data [Joel enters '123@PassReto' into We write the password, Joel enters '123@PassReto' into We confirm the password]]
[Test worker] WARN net.thucydides.core.steps.BaseStepListener - stepStarted: net.thucydides.core.steps.ExecutedStepDescription@1885c210
[Test worker] WARN net.thucydides.core.steps.BaseStepListener - stepFinished: current outcome:Register on the Utest site:Given Joel wants to register on the Utest site [Joel open up [Joel opens the Utest page], Joel register [Joel clicks on Button that shows us the registration]], When start the registration process in Utest
| strName | strLastName | strEmail | strMonth | strDay | strYear | strLanguagePage | strCity | strZip | strCountry | strComputer | strVersion | strLanguage | strMobile | strModel | strOS | strPassword |
[...]
[Test worker] WARN net.thucydides.core.steps.BaseStepListener - stepFinished: current outcome:Register on the Utest site:Given Joel wants to register on the Utest site [Joel open up [Joel opens the Utest page], Joel register [Joel clicks on Button that shows us the registration]], When start the registration process in Utest
| strName | strLastName | strEmail | strMonth | strDay | strYear | strLanguagePage | strCity | strZip | strCountry | strComputer | strVersion | strLanguage | strMobile | strModel | strOS | strPassword |
| Joel David | Rochel Hernandez | joelrochel108@gmail.com | August | 24 | 1998 | Spanish | Cereté | 230550 | Colombia | Windows | Windows 10 | Spanish | Xiaomi | Redmi Note 8 | Android 11 | 123@PassReto | [Joel fill out the personal data [Joel enters 'Joel David' into We write the username, Joel enters 'Rochel Hernandez' into We write the last name of the user, Joel enters 'joelrochel108@gmail.com' into We write the user email, Joel select August on We select the month of birth, Joel select 24 on We select the day of birth, Joel select 1998 on We select the year of birth, Joel enters 'Spanish' into We write the language, Joel types 'ENTER' in We write the language, Joel clicks on Button next:location], Joel fill out the location data [Joel enters 'Cereté' into We write the city, Joel types 'ARROW_DOWN' in We write the city, Joel types 'ENTER' in We write the city, Joel enters '230550' into We write the postal code, Joel clicks on We select the country, Joel enters 'Colombia' into We write the country, Joel clicks on Boton next:devives], Joel fill out the devices data [Joel clicks on We select the computer, Joel enters 'Windows' into We write the computer, Joel types 'ENTER' in We write the computer, Joel clicks on We select the version of the OS, Joel enters 'Windows 10' into We write the OS version, Joel types 'ENTER' in We write the OS version, Joel clicks on We select the language, Joel enters 'Spanish' into We write the language, Joel types 'ENTER' in We write the language, Joel clicks on We select the cell phone, Joel enters 'Xiaomi' into We write the cell, Joel types 'ENTER' in We write the cell, Joel clicks on We select the model, Joel enters 'Redmi Note 8' into We write the model, Joel types 'ENTER' in We write the model, Joel clicks on We select the OS of the cell phone, Joel enters 'Android 11' into We write the OS of the cell phone, Joel types 'ENTER' in We write the OS of the cell phone, Joel clicks on Boton next:Last Step], Joel fill out the credentials data [Joel enters '123@PassReto' into We write the password, Joel enters '123@PassReto' into We confirm the password, Joel clicks on We mark to keep you informed, Joel clicks on We mark to accept the terms, Joel clicks on We mark to accept privacy, Joel clicks on Boton next:Last Step]]
[Test worker] WARN net.thucydides.core.steps.BaseStepListener - stepStarted: net.thucydides.core.steps.ExecutedStepDescription@2915395d
[Test worker] WARN net.thucydides.core.steps.BaseStepListener - stepStarted: net.thucydides.core.steps.ExecutedStepDescription@318afe70
[Test worker] WARN net.thucydides.core.steps.BaseStepListener - stepFinished: current outcome:Register on the Utest site:Given Joel wants to register on the Utest site [Joel open up [Joel opens the Utest page], Joel register [Joel clicks on Button that shows us the registration]], When start the registration process in Utest
| strName | strLastName | strEmail | strMonth | strDay | strYear | strLanguagePage | strCity | strZip | strCountry | strComputer | strVersion | strLanguage | strMobile | strModel | strOS | strPassword |
| Joel David | Rochel Hernandez | joelrochel108@gmail.com | August | 24 | 1998 | Spanish | Cereté | 230550 | Colombia | Windows | Windows 10 | Spanish | Xiaomi | Redmi Note 8 | Android 11 | 123@PassReto | [Joel fill out the personal data [Joel enters 'Joel David' into We write the username, Joel enters 'Rochel Hernandez' into We write the last name of the user, Joel enters 'joelrochel108@gmail.com' into We write the user email, Joel select August on We select the month of birth, Joel select 24 on We select the day of birth, Joel select 1998 on We select the year of birth, Joel enters 'Spanish' into We write the language, Joel types 'ENTER' in We write the language, Joel clicks on Button next:location], Joel fill out the location data [Joel enters 'Cereté' into We write the city, Joel types 'ARROW_DOWN' in We write the city, Joel types 'ENTER' in We write the city, Joel enters '230550' into We write the postal code, Joel clicks on We select the country, Joel enters 'Colombia' into We write the country, Joel clicks on Boton next:devives], Joel fill out the devices data [Joel clicks on We select the computer, Joel enters 'Windows' into We write the computer, Joel types 'ENTER' in We write the computer, Joel clicks on We select the version of the OS, Joel enters 'Windows 10' into We write the OS version, Joel types 'ENTER' in We write the OS version, Joel clicks on We select the language, Joel enters 'Spanish' into We write the language, Joel types 'ENTER' in We write the language, Joel clicks on We select the cell phone, Joel enters 'Xiaomi' into We write the cell, Joel types 'ENTER' in We write the cell, Joel clicks on We select the model, Joel enters 'Redmi Note 8' into We write the model, Joel types 'ENTER' in We write the model, Joel clicks on We select the OS of the cell phone, Joel enters 'Android 11' into We write the OS of the cell phone, Joel types 'ENTER' in We write the OS of the cell phone, Joel clicks on Boton next:Last Step], Joel fill out the credentials data [Joel enters '123@PassReto' into We write the password, Joel enters '123@PassReto' into We confirm the password, Joel clicks on We mark to keep you informed, Joel clicks on We mark to accept the terms, Joel clicks on We mark to accept privacy, Joel clicks on Boton next:Last Step]], Then check the final registration process
| strConfirmButton |
| Complete Setup | [Then answer]
[Test worker] WARN net.thucydides.core.steps.BaseStepListener - stepFinished: current outcome:Register on the Utest site:Given Joel wants to register on the Utest site [Joel open up [Joel opens the Utest page], Joel register [Joel clicks on Button that shows us the registration]], When start the registration process in Utest
| strName | strLastName | strEmail | strMonth | strDay | strYear | strLanguagePage | strCity | strZip | strCountry | strComputer | strVersion | strLanguage | strMobile | strModel | strOS | strPassword |
| Joel David | Rochel Hernandez | joelrochel108@gmail.com | August | 24 | 1998 | Spanish | Cereté | 230550 | Colombia | Windows | Windows 10 | Spanish | Xiaomi | Redmi Note 8 | Android 11 | 123@PassReto | [Joel fill out the personal data [Joel enters 'Joel David' into We write the username, Joel enters 'Rochel Hernandez' into We write the last name of the user, Joel enters 'joelrochel108@gmail.com' into We write the user email, Joel select August on We select the month of birth, Joel select 24 on We select the day of birth, Joel select 1998 on We select the year of birth, Joel enters 'Spanish' into We write the language, Joel types 'ENTER' in We write the language, Joel clicks on Button next:location], Joel fill out the location data [Joel enters 'Cereté' into We write the city, Joel types 'ARROW_DOWN' in We write the city, Joel types 'ENTER' in We write the city, Joel enters '230550' into We write the postal code, Joel clicks on We select the country, Joel enters 'Colombia' into We write the country, Joel clicks on Boton next:devives], Joel fill out the devices data [Joel clicks on We select the computer, Joel enters 'Windows' into We write the computer, Joel types 'ENTER' in We write the computer, Joel clicks on We select the version of the OS, Joel enters 'Windows 10' into We write the OS version, Joel types 'ENTER' in We write the OS version, Joel clicks on We select the language, Joel enters 'Spanish' into We write the language, Joel types 'ENTER' in We write the language, Joel clicks on We select the cell phone, Joel enters 'Xiaomi' into We write the cell, Joel types 'ENTER' in We write the cell, Joel clicks on We select the model, Joel enters 'Redmi Note 8' into We write the model, Joel types 'ENTER' in We write the model, Joel clicks on We select the OS of the cell phone, Joel enters 'Android 11' into We write the OS of the cell phone, Joel types 'ENTER' in We write the OS of the cell phone, Joel clicks on Boton next:Last Step], Joel fill out the credentials data [Joel enters '123@PassReto' into We write the password, Joel enters '123@PassReto' into We confirm the password, Joel clicks on We mark to keep you informed, Joel clicks on We mark to accept the terms, Joel clicks on We mark to accept privacy, Joel clicks on Boton next:Last Step]], Then check the final registration process
| strConfirmButton |
| Complete Setup | [Then answer]
[Test worker] WARN net.thucydides.core.steps.BaseStepListener - testFinished: Register on the Utest site:Given Joel wants to register on the Utest site [Joel open up [Joel opens the Utest page], Joel register [Joel clicks on Button that shows us the registration]], When start the registration process in Utest
| strName | strLastName | strEmail | strMonth | strDay | strYear | strLanguagePage | strCity | strZip | strCountry | strComputer | strVersion | strLanguage | strMobile | strModel | strOS | strPassword |
| Joel David | Rochel Hernandez | joelrochel108@gmail.com | August | 24 | 1998 | Spanish | Cereté | 230550 | Colombia | Windows | Windows 10 | Spanish | Xiaomi | Redmi Note 8 | Android 11 | 123@PassReto | [Joel fill out the personal data [Joel enters 'Joel David' into We write the username, Joel enters 'Rochel Hernandez' into We write the last name of the user, Joel enters 'joelrochel108@gmail.com' into We write the user email, Joel select August on We select the month of birth, Joel select 24 on We select the day of birth, Joel select 1998 on We select the year of birth, Joel enters 'Spanish' into We write the language, Joel types 'ENTER' in We write the language, Joel clicks on Button next:location], Joel fill out the location data [Joel enters 'Cereté' into We write the city, Joel types 'ARROW_DOWN' in We write the city, Joel types 'ENTER' in We write the city, Joel enters '230550' into We write the postal code, Joel clicks on We select the country, Joel enters 'Colombia' into We write the country, Joel clicks on Boton next:devives], Joel fill out the devices data [Joel clicks on We select the computer, Joel enters 'Windows' into We write the computer, Joel types 'ENTER' in We write the computer, Joel clicks on We select the version of the OS, Joel enters 'Windows 10' into We write the OS version, Joel types 'ENTER' in We write the OS version, Joel clicks on We select the language, Joel enters 'Spanish' into We write the language, Joel types 'ENTER' in We write the language, Joel clicks on We select the cell phone, Joel enters 'Xiaomi' into We write the cell, Joel types 'ENTER' in We write the cell, Joel clicks on We select the model, Joel enters 'Redmi Note 8' into We write the model, Joel types 'ENTER' in We write the model, Joel clicks on We select the OS of the cell phone, Joel enters 'Android 11' into We write the OS of the cell phone, Joel types 'ENTER' in We write the OS of the cell phone, Joel clicks on Boton next:Last Step], Joel fill out the credentials data [Joel enters '123@PassReto' into We write the password, Joel enters '123@PassReto' into We confirm the password, Joel clicks on We mark to keep you informed, Joel clicks on We mark to accept the terms, Joel clicks on We mark to accept privacy, Joel clicks on Boton next:Last Step]], Then check the final registration process
| strConfirmButton |
| Complete Setup | [Then answer]
[Test worker] WARN net.thucydides.core.steps.BaseStepListener - TestOutcomes: [Register on the Utest site:Given Joel wants to register on the Utest site [Joel open up [Joel opens the Utest page], Joel register [Joel clicks on Button that shows us the registration]], When start the registration process in Utest
| strName | strLastName | strEmail | strMonth | strDay | strYear | strLanguagePage | strCity | strZip | strCountry | strComputer | strVersion | strLanguage | strMobile | strModel | strOS | strPassword |
| Joel David | Rochel Hernandez | joelrochel108@gmail.com | August | 24 | 1998 | Spanish | Cereté | 230550 | Colombia | Windows | Windows 10 | Spanish | Xiaomi | Redmi Note 8 | Android 11 | 123@PassReto | [Joel fill out the personal data [Joel enters 'Joel David' into We write the username, Joel enters 'Rochel Hernandez' into We write the last name of the user, Joel enters 'joelrochel108@gmail.com' into We write the user email, Joel select August on We select the month of birth, Joel select 24 on We select the day of birth, Joel select 1998 on We select the year of birth, Joel enters 'Spanish' into We write the language, Joel types 'ENTER' in We write the language, Joel clicks on Button next:location], Joel fill out the location data [Joel enters 'Cereté' into We write the city, Joel types 'ARROW_DOWN' in We write the city, Joel types 'ENTER' in We write the city, Joel enters '230550' into We write the postal code, Joel clicks on We select the country, Joel enters 'Colombia' into We write the country, Joel clicks on Boton next:devives], Joel fill out the devices data [Joel clicks on We select the computer, Joel enters 'Windows' into We write the computer, Joel types 'ENTER' in We write the computer, Joel clicks on We select the version of the OS, Joel enters 'Windows 10' into We write the OS version, Joel types 'ENTER' in We write the OS version, Joel clicks on We select the language, Joel enters 'Spanish' into We write the language, Joel types 'ENTER' in We write the language, Joel clicks on We select the cell phone, Joel enters 'Xiaomi' into We write the cell, Joel types 'ENTER' in We write the cell, Joel clicks on We select the model, Joel enters 'Redmi Note 8' into We write the model, Joel types 'ENTER' in We write the model, Joel clicks on We select the OS of the cell phone, Joel enters 'Android 11' into We write the OS of the cell phone, Joel types 'ENTER' in We write the OS of the cell phone, Joel clicks on Boton next:Last Step], Joel fill out the credentials data [Joel enters '123@PassReto' into We write the password, Joel enters '123@PassReto' into We confirm the password, Joel clicks on We mark to keep you informed, Joel clicks on We mark to accept the terms, Joel clicks on We mark to accept privacy, Joel clicks on Boton next:Last Step]], Then check the final registration process
| strConfirmButton |
| Complete Setup | [Then answer]]
[Test worker] WARN net.thucydides.core.steps.BaseStepListener - Final testOutcomes: [Register on the Utest site:Given Joel wants to register on the Utest site [Joel open up [Joel opens the Utest page], Joel register [Joel clicks on Button that shows us the registration]], When start the registration process in Utest
| strName | strLastName | strEmail | strMonth | strDay | strYear | strLanguagePage | strCity | strZip | strCountry | strComputer | strVersion | strLanguage | strMobile | strModel | strOS | strPassword |
| Joel David | Rochel Hernandez | joelrochel108@gmail.com | August | 24 | 1998 | Spanish | Cereté | 230550 | Colombia | Windows | Windows 10 | Spanish | Xiaomi | Redmi Note 8 | Android 11 | 123@PassReto | [Joel fill out the personal data [Joel enters 'Joel David' into We write the username, Joel enters 'Rochel Hernandez' into We write the last name of the user, Joel enters 'joelrochel108@gmail.com' into We write the user email, Joel select August on We select the month of birth, Joel select 24 on We select the day of birth, Joel select 1998 on We select the year of birth, Joel enters 'Spanish' into We write the language, Joel types 'ENTER' in We write the language, Joel clicks on Button next:location], Joel fill out the location data [Joel enters 'Cereté' into We write the city, Joel types 'ARROW_DOWN' in We write the city, Joel types 'ENTER' in We write the city, Joel enters '230550' into We write the postal code, Joel clicks on We select the country, Joel enters 'Colombia' into We write the country, Joel clicks on Boton next:devives], Joel fill out the devices data [Joel clicks on We select the computer, Joel enters 'Windows' into We write the computer, Joel types 'ENTER' in We write the computer, Joel clicks on We select the version of the OS, Joel enters 'Windows 10' into We write the OS version, Joel types 'ENTER' in We write the OS version, Joel clicks on We select the language, Joel enters 'Spanish' into We write the language, Joel types 'ENTER' in We write the language, Joel clicks on We select the cell phone, Joel enters 'Xiaomi' into We write the cell, Joel types 'ENTER' in We write the cell, Joel clicks on We select the model, Joel enters 'Redmi Note 8' into We write the model, Joel types 'ENTER' in We write the model, Joel clicks on We select the OS of the cell phone, Joel enters 'Android 11' into We write the OS of the cell phone, Joel types 'ENTER' in We write the OS of the cell phone, Joel clicks on Boton next:Last Step], Joel fill out the credentials data [Joel enters '123@PassReto' into We write the password, Joel enters '123@PassReto' into We confirm the password, Joel clicks on We mark to keep you informed, Joel clicks on We mark to accept the terms, Joel clicks on We mark to accept privacy, Joel clicks on Boton next:Last Step]], Then check the final registration process
| strConfirmButton |
| Complete Setup | [Then answer]]
[Test worker] INFO net.thucydides.core.steps.ConsoleLoggingListener - 
        __    _____ _____ ____ _____   ____   _    ____  ____  _____ ____  
  _     \ \  |_   _| ____/ ___|_   _| |  _ \ / \  / ___|/ ___|| ____|  _ \ 
 (_)_____| |   | | |  _| \___ \ | |   | |_) / _ \ \___ \\___ \|  _| | | | |
  _|_____| |   | | | |___ ___) || |   |  __/ ___ \ ___) |___) | |___| |_| |
 (_)     | |   |_| |_____|____/ |_|   |_| /_/   \_\____/|____/|_____|____/ 
        /_/                                                                

TEST PASSED: Register on the Utest site
----------------------------------------------------------------------------
]]></system-err>
</testsuite>
